<?xml version="1.0" encoding="UTF-8"?>
<!-- Generated by org.testng.reporters.JUnitReportReporter -->
<testsuite hostname="TTPL-LNV-0113" failures="0" tests="1" name="tests.TestLogin" time="18.392" errors="0" timestamp="2024-05-10T18:09:37 IST" skipped="0">
  <testcase classname="tests.TestLogin" name="testLogin" time="18.392"/>
  <system-out/>
</testsuite> <!-- tests.TestLogin -->
