<?xml version="1.0" encoding="UTF-8"?>
<!-- Generated by org.testng.reporters.JUnitReportReporter -->
<testsuite hostname="TTPL-LNV-0113" failures="0" tests="1" name="tests.TestSignup" time="20.627" errors="0" timestamp="2024-05-10T18:12:15 IST" skipped="0">
  <testcase classname="tests.TestSignup" name="testSignup" time="20.627"/>
  <system-out/>
</testsuite> <!-- tests.TestSignup -->
