<?xml version="1.0" encoding="UTF-8"?>
<!-- Generated by org.testng.reporters.JUnitReportReporter -->
<testsuite hostname="TTPL-LNV-0113" failures="0" tests="1" name="tests.TestAppointment" time="92.507" errors="0" timestamp="2024-05-10T18:17:01 IST" skipped="0">
  <testcase classname="tests.TestAppointment" name="testAppointment" time="92.507"/>
  <system-out/>
</testsuite> <!-- tests.TestAppointment -->
